Arguments: 
  /usr/local/Cellar/node/9.11.1/bin/node /usr/local/bin/yarn global babel-cli@6.24.1

PATH: 
  /Users/admin/.rvm/gems/ruby-2.3.3/bin:/Users/admin/.rvm/gems/ruby-2.3.3@global/bin:/Users/admin/.rvm/rubies/ruby-2.3.3/bin:/Users/admin/Library/Python/3.6/bin:/usr/bin:/bin:/usr/sbin:/sbin:/usr/local/bin:/Users/admin/.rvm/bin

Yarn version: 
  1.5.1

Node version: 
  9.11.1

Platform: 
  darwin x64

npm manifest: 
  No manifest

yarn manifest: 
  No manifest

Lockfile: 
  No lockfile

Trace: 
  Error: Invalid subcommand. Try "add, bin, dir, ls, list, remove, upgrade, upgrade-interactive"
      at new MessageError (/usr/local/lib/node_modules/yarn/lib/cli.js:186:110)
      at Object.<anonymous> (/usr/local/lib/node_modules/yarn/lib/cli.js:30362:59)
      at Generator.next (<anonymous>)
      at step (/usr/local/lib/node_modules/yarn/lib/cli.js:98:30)
      at /usr/local/lib/node_modules/yarn/lib/cli.js:116:14
      at new Promise (<anonymous>)
      at new F (/usr/local/lib/node_modules/yarn/lib/cli.js:23451:28)
      at Object.<anonymous> (/usr/local/lib/node_modules/yarn/lib/cli.js:95:12)
      at Object.run (/usr/local/lib/node_modules/yarn/lib/cli.js:30366:19)
      at run (/usr/local/lib/node_modules/yarn/lib/cli.js:89113:20)
